Build started 26-05-2019 00:26:07.
     1>Project "C:\Users\manoj\documents\visual studio 2013\Projects\ConsoleApplication3\ConsoleApplication3\ConsoleApplication3.vcxproj" on node 2 (Build target(s)).
     1>C:\Program Files (x86)\MSBuild\Microsoft.Cpp\v4.0\V120\Microsoft.CppBuild.targets(388,5): warning MSB8028: The intermediate directory (Debug\) contains files shared from another project (ConsoleApplication3.vcxproj).  This can lead to incorrect clean and rebuild behavior.
     1>ClCompile:
         C:\Program Files (x86)\Microsoft Visual Studio 12.0\VC\bin\CL.exe /c /ZI /nologo /W3 /WX- /Od /Oy- /D WIN32 /D _DEBUG /D _CONSOLE /D _LIB /D _UNICODE /D UNICODE /Gm /EHsc /RTC1 /MDd /GS /fp:precise /Zc:wchar_t /Zc:forScope /Fo"Debug\\" /Fd"Debug\vc120.pdb" /Gd /TP /analyze- /errorReport:prompt random..cpp stdafx.cpp
         random..cpp
         Generating Code...
         Skipping... (no relevant changes detected)
         stdafx.cpp
       Link:
         C:\Program Files (x86)\Microsoft Visual Studio 12.0\VC\bin\link.exe /ERRORREPORT:PROMPT /OUT:"C:\Users\manoj\documents\visual studio 2013\Projects\ConsoleApplication3\Debug\day1.exe" /INCREMENTAL /NOLOGO kernel32.lib user32.lib gdi32.lib winspool.lib comdlg32.lib advapi32.lib shell32.lib ole32.lib oleaut32.lib uuid.lib odbc32.lib odbccp32.lib /MANIFEST /MANIFESTUAC:"level='asInvoker' uiAccess='false'" /manifest:embed /DEBUG /PDB:"C:\Users\manoj\documents\visual studio 2013\Projects\ConsoleApplication3\Debug\day1.pdb" /SUBSYSTEM:CONSOLE /TLBID:1 /DYNAMICBASE /NXCOMPAT /IMPLIB:"C:\Users\manoj\documents\visual studio 2013\Projects\ConsoleApplication3\Debug\day1.lib" /MACHINE:X86 Debug\colorsort.obj
         Debug\linkedlistloop.obj
         "Debug\main-stringcompress.obj"
         Debug\random..obj
         Debug\swapknodes.obj
         Debug\transpose.obj
         Debug\Spiral.obj
         Debug\stdafx.obj
         ConsoleApplication3.vcxproj -> C:\Users\manoj\documents\visual studio 2013\Projects\ConsoleApplication3\Debug\day1.exe
     1>Done Building Project "C:\Users\manoj\documents\visual studio 2013\Projects\ConsoleApplication3\ConsoleApplication3\ConsoleApplication3.vcxproj" (Build target(s)).

Build succeeded.

Time Elapsed 00:00:01.24
